00:00:00.004078 main     VirtualBox COM Server 6.1.14 r140239 win.amd64 (Sep  4 2020 08:29:36) release log
00:00:00.004081 main     Log opened 2024-10-16T10:27:58.792497700Z
00:00:00.004082 main     Build Type: release
00:00:00.004091 main     OS Product: Windows 10
00:00:00.004093 main     OS Release: 10.0.19045
00:00:00.004094 main     OS Service Pack: 
00:00:00.034560 main     DMI Product Name: HP 250 G2 Notebook PC
00:00:00.054024 main     DMI Product Version: 0975100000005F10000600087
00:00:00.054044 main     Firmware type: UEFI
00:00:00.054512 main     Secure Boot: VERR_PRIVILEGE_NOT_HELD
00:00:00.054541 main     Host RAM: 3988MB (3.8GB) total, 324MB available
00:00:00.054547 main     Executable: C:\Program Files\Oracle\VirtualBox\VBoxSVC.exe
00:00:00.054548 main     Process ID: 2716
00:00:00.054549 main     Package type: WINDOWS_64BITS_GENERIC
00:00:00.251574          VirtualBox: object creation starts
00:00:00.251947          Home directory: 'C:\Users\Hewlett-Packard\.VirtualBox'
00:00:00.252097          Installed Drivers:
00:00:00.259898            C:\WINDOWS\system32\DRIVERS\VBoxNetLwf.sys (Version: 6.1.14.40239)
00:00:00.260925            C:\WINDOWS\system32\DRIVERS\VBoxUSBMon.sys (Version: 6.1.14.40239)
00:00:00.369365            C:\WINDOWS\system32\DRIVERS\VBoxDrv.sys (Version: 6.1.14.40239)
00:00:00.371147            C:\WINDOWS\system32\DRIVERS\VBoxNetAdp6.sys (Version: 6.1.14.40239)
00:00:00.426460          Loading settings file "C:\Users\Hewlett-Packard\.VirtualBox\VirtualBox.xml" with version "1.12-windows"
00:00:00.430836          usbLibGetDevices: Starting USB device enumeration
00:00:00.534483          Getting USB descriptor (id 0) failed (dwErr=31) on hub USB#VID_8087&PID_0024#5&1e2a4c39&0&1#{f18a0e88-c30c-11d0-8815-00a0c906bed8} port 3
00:00:00.537970          usbLibGetDevices: Found 3 USB devices, 0 captured
00:00:00.538079          USB: Unknown USB device detected (idVendor: 0x04f2, idProduct: 0xb40d)
00:00:00.538106          USB: Unknown USB device detected (idVendor: 0x0cf3, idProduct: 0x3121)
00:00:00.677970          HostDnsMonitor: initializing
00:00:00.688075          HostDnsMonitor: updating information
00:00:00.688112          HostDnsMonitor: old information
00:00:00.688113            no server entries
00:00:00.688115            no domain set
00:00:00.688115            no search string entries
00:00:00.688116          HostDnsMonitor: new information
00:00:00.688116            server 1: 192.168.0.1
00:00:00.688117            no domain set
00:00:00.688117            no search string entries
00:00:00.876480          VD: VDInit finished with VINF_SUCCESS
00:00:00.877930          VirtualBox: object created
00:01:22.922332 USBPROXY usbLibGetDevices: Starting USB device enumeration
00:01:23.030244 USBPROXY Getting USB descriptor (id 0) failed (dwErr=31) on hub USB#VID_8087&PID_0024#5&1e2a4c39&0&1#{f18a0e88-c30c-11d0-8815-00a0c906bed8} port 3
00:01:23.032467 USBPROXY usbLibGetDevices: Found 3 USB devices, 0 captured
00:06:06.492700          Saving settings file "C:\Users\Hewlett-Packard\.VirtualBox\VirtualBox.xml" with version "1.12-windows"
00:06:06.499078          Saving settings file "C:\Users\Hewlett-Packard\.VirtualBox\VirtualBox.xml" with version "1.12-windows"
00:06:06.504747          Saving settings file "C:\Users\Hewlett-Packard\.VirtualBox\VirtualBox.xml" with version "1.12-windows"
00:06:06.510785          Saving settings file "C:\Users\Hewlett-Packard\.VirtualBox\VirtualBox.xml" with version "1.12-windows"
00:06:06.517056          Saving settings file "C:\Users\Hewlett-Packard\.VirtualBox\VirtualBox.xml" with version "1.12-windows"
00:06:46.872532 SVCHelper ERROR [COM]: aRC=E_FAIL (0x80004005) aIID={d0a0163f-e254-4e5b-a1f2-011cf991c38d} aComponent={VirtualBoxWrap} aText={Operation canceled by the user}, preserve=false aResultDetail=0
00:14:24.721979 USBPROXY usbLibGetDevices: Starting USB device enumeration
00:14:24.843501 USBPROXY Getting USB descriptor (id 0) failed (dwErr=31) on hub USB#VID_8087&PID_0024#5&1e2a4c39&0&1#{f18a0e88-c30c-11d0-8815-00a0c906bed8} port 4
00:14:24.846805 USBPROXY usbLibGetDevices: Found 3 USB devices, 0 captured
00:14:25.203132 USBPROXY usbLibGetDevices: Starting USB device enumeration
00:14:25.286350 USBPROXY Getting USB descriptor (id 0) failed (dwErr=31) on hub USB#VID_8087&PID_0024#5&1e2a4c39&0&1#{f18a0e88-c30c-11d0-8815-00a0c906bed8} port 4
00:14:25.286552 USBPROXY usbLibGetDevices: Found 3 USB devices, 0 captured
00:47:59.472062 USBPROXY usbLibGetDevices: Starting USB device enumeration
00:47:59.581921 USBPROXY Getting USB descriptor (id 0) failed (dwErr=31) on hub USB#VID_8087&PID_0024#5&1e2a4c39&0&1#{f18a0e88-c30c-11d0-8815-00a0c906bed8} port 3
00:47:59.586251 USBPROXY usbLibGetDevices: Found 3 USB devices, 0 captured
00:49:48.345982 USBPROXY usbLibGetDevices: Starting USB device enumeration
00:49:48.451941 USBPROXY Getting USB descriptor (id 0) failed (dwErr=31) on hub USB#VID_8087&PID_0024#5&1e2a4c39&0&1#{f18a0e88-c30c-11d0-8815-00a0c906bed8} port 3
00:49:48.453850 USBPROXY usbLibGetDevices: Found 3 USB devices, 0 captured
00:49:53.614628 USBPROXY usbLibGetDevices: Starting USB device enumeration
00:49:53.719690 USBPROXY Getting USB descriptor (id 0) failed (dwErr=31) on hub USB#VID_8087&PID_0024#5&1e2a4c39&0&1#{f18a0e88-c30c-11d0-8815-00a0c906bed8} port 3
00:49:53.721497 USBPROXY usbLibGetDevices: Found 3 USB devices, 0 captured
00:57:32.486195 dns-monitor HostDnsMonitor: updating information
00:57:32.486261 dns-monitor HostDnsMonitor: unchanged
01:02:51.168687 MainPower Host suspending: Paused 0 VMs
01:19:30.990574 MainPower Host resumed: Resumed 0 VMs
01:19:33.307443 dns-monitor HostDnsMonitor: updating information
01:19:33.307482 dns-monitor HostDnsMonitor: unchanged
01:19:36.319313 dns-monitor HostDnsMonitor: updating information
01:19:36.319345 dns-monitor HostDnsMonitor: unchanged
02:19:35.663969 dns-monitor HostDnsMonitor: updating information
02:19:35.665616 dns-monitor HostDnsMonitor: unchanged
03:19:35.797494 dns-monitor HostDnsMonitor: updating information
03:19:35.800134 dns-monitor HostDnsMonitor: unchanged
03:27:12.504749          Saving settings file "C:\Users\Hewlett-Packard\.VirtualBox\VirtualBox.xml" with version "1.12-windows"
03:27:12.525606          Saving settings file "C:\Users\Hewlett-Packard\.VirtualBox\VirtualBox.xml" with version "1.12-windows"
03:27:12.647332          Saving settings file "C:\Users\Hewlett-Packard\.VirtualBox\VirtualBox.xml" with version "1.12-windows"
03:27:12.662889          Saving settings file "C:\Users\Hewlett-Packard\.VirtualBox\VirtualBox.xml" with version "1.12-windows"
03:27:12.691295          Saving settings file "C:\Users\Hewlett-Packard\.VirtualBox\VirtualBox.xml" with version "1.12-windows"
03:27:18.743759 main     VirtualBox: object deletion starts
03:27:18.750737 main     HostDnsMonitor: shutting down ...
03:27:18.750941 main     HostDnsMonitor: shut down
03:27:18.760517 Watcher  ERROR [COM]: aRC=E_ACCESSDENIED (0x80070005) aIID={d0a0163f-e254-4e5b-a1f2-011cf991c38d} aComponent={VirtualBoxWrap} aText={The object is not ready}, preserve=false aResultDetail=0
03:27:18.762806 main     VirtualBox: object deleted
